SLF4J: Failed to load class "org.slf4j.impl.StaticLoggerBinder".
SLF4J: Defaulting to no-operation (NOP) logger implementation
SLF4J: See http://www.slf4j.org/codes.html#StaticLoggerBinder for further details.
2022-12-15 13:10:20.220 opp_ide[3338:10653300] nil host used in call to allowsSpecificHTTPSCertificateForHost
2022-12-15 13:10:20.221 opp_ide[3338:10653300] nil host used in call to allowsAnyHTTPSCertificateForHost:
2022-12-15 13:10:20.225 opp_ide[3338:10653300] nil host used in call to allowsSpecificHTTPSCertificateForHost
2022-12-15 13:10:20.225 opp_ide[3338:10653300] nil host used in call to allowsAnyHTTPSCertificateForHost:
2022-12-15 13:10:20.225 opp_ide[3338:10653300] nil host used in call to allowsSpecificHTTPSCertificateForHost
2022-12-15 13:10:20.225 opp_ide[3338:10653300] nil host used in call to allowsAnyHTTPSCertificateForHost:
2022-12-15 13:10:20.225 opp_ide[3338:10653300] nil host used in call to allowsSpecificHTTPSCertificateForHost
2022-12-15 13:10:20.225 opp_ide[3338:10653300] nil host used in call to allowsAnyHTTPSCertificateForHost:
2022-12-15 13:10:20.225 opp_ide[3338:10653300] nil host used in call to allowsSpecificHTTPSCertificateForHost
2022-12-15 13:10:20.225 opp_ide[3338:10653300] nil host used in call to allowsAnyHTTPSCertificateForHost:
2022-12-15 13:10:20.227 opp_ide[3338:10653300] nil host used in call to allowsSpecificHTTPSCertificateForHost
2022-12-15 13:10:20.227 opp_ide[3338:10653300] nil host used in call to allowsAnyHTTPSCertificateForHost:
2022-12-15 13:10:20.229 opp_ide[3338:10653300] nil host used in call to allowsSpecificHTTPSCertificateForHost
2022-12-15 13:10:20.229 opp_ide[3338:10653300] nil host used in call to allowsAnyHTTPSCertificateForHost:
2022-12-15 13:10:20.230 opp_ide[3338:10653300] nil host used in call to allowsSpecificHTTPSCertificateForHost
2022-12-15 13:10:20.230 opp_ide[3338:10653300] nil host used in call to allowsAnyHTTPSCertificateForHost:
2022-12-15 13:10:20.230 opp_ide[3338:10653300] nil host used in call to allowsSpecificHTTPSCertificateForHost
2022-12-15 13:10:20.230 opp_ide[3338:10653300] nil host used in call to allowsAnyHTTPSCertificateForHost:
2022-12-15 13:10:20.230 opp_ide[3338:10653300] nil host used in call to allowsSpecificHTTPSCertificateForHost
2022-12-15 13:10:20.230 opp_ide[3338:10653300] nil host used in call to allowsAnyHTTPSCertificateForHost:
2022-12-15 13:10:20.230 opp_ide[3338:10653300] nil host used in call to allowsSpecificHTTPSCertificateForHost
2022-12-15 13:10:20.230 opp_ide[3338:10653300] nil host used in call to allowsAnyHTTPSCertificateForHost:
2022-12-15 13:10:20.230 opp_ide[3338:10653300] nil host used in call to allowsSpecificHTTPSCertificateForHost
2022-12-15 13:10:20.230 opp_ide[3338:10653300] nil host used in call to allowsAnyHTTPSCertificateForHost:
2022-12-15 13:10:20.322 opp_ide[3338:10653300] nil host used in call to allowsSpecificHTTPSCertificateForHost
2022-12-15 13:10:20.322 opp_ide[3338:10653300] nil host used in call to allowsAnyHTTPSCertificateForHost:
2022-12-15 13:10:20.324 opp_ide[3338:10653300] nil host used in call to allowsSpecificHTTPSCertificateForHost
2022-12-15 13:10:20.324 opp_ide[3338:10653300] nil host used in call to allowsAnyHTTPSCertificateForHost:
2022-12-15 13:10:20.325 opp_ide[3338:10653300] nil host used in call to allowsSpecificHTTPSCertificateForHost
2022-12-15 13:10:20.325 opp_ide[3338:10653300] nil host used in call to allowsAnyHTTPSCertificateForHost:
2022-12-15 13:10:20.325 opp_ide[3338:10653300] nil host used in call to allowsSpecificHTTPSCertificateForHost
2022-12-15 13:10:20.325 opp_ide[3338:10653300] nil host used in call to allowsAnyHTTPSCertificateForHost:
2022-12-15 13:10:20.325 opp_ide[3338:10653300] nil host used in call to allowsSpecificHTTPSCertificateForHost
2022-12-15 13:10:20.325 opp_ide[3338:10653300] nil host used in call to allowsAnyHTTPSCertificateForHost:
2022-12-15 13:10:20.325 opp_ide[3338:10653300] nil host used in call to allowsSpecificHTTPSCertificateForHost
2022-12-15 13:10:20.325 opp_ide[3338:10653300] nil host used in call to allowsAnyHTTPSCertificateForHost:
2022-12-15 13:10:20.329 opp_ide[3338:10653300] nil host used in call to allowsSpecificHTTPSCertificateForHost
2022-12-15 13:10:20.329 opp_ide[3338:10653300] nil host used in call to allowsAnyHTTPSCertificateForHost:
2022-12-15 13:10:20.330 opp_ide[3338:10653300] nil host used in call to allowsSpecificHTTPSCertificateForHost
2022-12-15 13:10:20.330 opp_ide[3338:10653300] nil host used in call to allowsAnyHTTPSCertificateForHost:
2022-12-15 13:10:20.330 opp_ide[3338:10653300] nil host used in call to allowsSpecificHTTPSCertificateForHost
2022-12-15 13:10:20.330 opp_ide[3338:10653300] nil host used in call to allowsAnyHTTPSCertificateForHost:
2022-12-15 13:10:20.331 opp_ide[3338:10653300] nil host used in call to allowsSpecificHTTPSCertificateForHost
2022-12-15 13:10:20.332 opp_ide[3338:10653300] nil host used in call to allowsAnyHTTPSCertificateForHost:
2022-12-15 13:10:20.334 opp_ide[3338:10653300] nil host used in call to allowsSpecificHTTPSCertificateForHost
2022-12-15 13:10:20.334 opp_ide[3338:10653300] nil host used in call to allowsAnyHTTPSCertificateForHost:
2022-12-15 13:10:25.116 opp_ide[3338:10653300] nil host used in call to allowsSpecificHTTPSCertificateForHost
2022-12-15 13:10:25.116 opp_ide[3338:10653300] nil host used in call to allowsAnyHTTPSCertificateForHost:
2022-12-15 13:11:11.701 opp_ide[3338:10653300] nil host used in call to allowsSpecificHTTPSCertificateForHost
2022-12-15 13:11:11.701 opp_ide[3338:10653300] nil host used in call to allowsAnyHTTPSCertificateForHost:
